  Source.cpp
c:\sdl\pinball\source.cpp(40): warning C4244: "=": konwersja z "float" do "int", możliwa utrata danych
c:\sdl\pinball\source.cpp(41): warning C4244: "=": konwersja z "float" do "int", możliwa utrata danych
c:\sdl\pinball\source.cpp(42): warning C4244: "=": konwersja z "float" do "int", możliwa utrata danych
c:\sdl\pinball\source.cpp(43): warning C4244: "=": konwersja z "float" do "int", możliwa utrata danych
c:\sdl\pinball\source.cpp(127): warning C4305: "inicjowanie": obcięcie z "double" do "const float"
c:\sdl\pinball\source.cpp(143): warning C4244: "inicjowanie": konwersja z "double" do "float", możliwa utrata danych
c:\sdl\pinball\source.cpp(145): warning C4244: "argument": konwersja z "double" do "float", możliwa utrata danych
c:\sdl\pinball\source.cpp(169): warning C4244: "=": konwersja z "float" do "int", możliwa utrata danych
c:\sdl\pinball\source.cpp(170): warning C4244: "=": konwersja z "float" do "int", możliwa utrata danych
c:\sdl\pinball\source.cpp(171): warning C4244: "=": konwersja z "float" do "int", możliwa utrata danych
c:\sdl\pinball\source.cpp(172): warning C4244: "=": konwersja z "float" do "int", możliwa utrata danych
c:\sdl\pinball\source.cpp(344): warning C4244: "argument": konwersja z "int" do "float", możliwa utrata danych
c:\sdl\pinball\source.cpp(349): warning C4244: "argument": konwersja z "int" do "float", możliwa utrata danych
c:\sdl\pinball\source.cpp(355): warning C4244: "argument": konwersja z "int" do "float", możliwa utrata danych
c:\sdl\pinball\source.cpp(361): warning C4244: "argument": konwersja z "int" do "float", możliwa utrata danych
c:\sdl\pinball\source.cpp(374): warning C4244: "=": konwersja z "float" do "int", możliwa utrata danych
c:\sdl\pinball\source.cpp(375): warning C4244: "=": konwersja z "float" do "int", możliwa utrata danych
c:\sdl\pinball\source.cpp(381): warning C4018: "<": niezgodność typu ze znakiem/bez znaku
  Pinball.vcxproj -> C:\SDL\Pinball\Debug\Pinball.exe
