  Source.cpp
c:\sdl\pindball-master\pinball\pinball\source.cpp(202): warning C4244: "inicjowanie": konwersja z "int" do "float", możliwa utrata danych
c:\sdl\pindball-master\pinball\pinball\source.cpp(203): warning C4244: "inicjowanie": konwersja z "int" do "float", możliwa utrata danych
c:\sdl\pindball-master\pinball\pinball\source.cpp(238): warning C4305: "inicjowanie": obcięcie z "double" do "const float"
c:\sdl\pindball-master\pinball\pinball\source.cpp(256): warning C4244: "inicjowanie": konwersja z "double" do "float", możliwa utrata danych
c:\sdl\pindball-master\pinball\pinball\source.cpp(264): warning C4244: "argument": konwersja z "int" do "float", możliwa utrata danych
c:\sdl\pindball-master\pinball\pinball\source.cpp(265): warning C4244: "argument": konwersja z "int" do "float", możliwa utrata danych
c:\sdl\pindball-master\pinball\pinball\source.cpp(266): warning C4244: "argument": konwersja z "int" do "float", możliwa utrata danych
c:\sdl\pindball-master\pinball\pinball\source.cpp(267): warning C4244: "argument": konwersja z "int" do "float", możliwa utrata danych
c:\sdl\pindball-master\pinball\pinball\source.cpp(268): warning C4244: "argument": konwersja z "int" do "float", możliwa utrata danych
c:\sdl\pindball-master\pinball\pinball\source.cpp(269): warning C4244: "argument": konwersja z "int" do "float", możliwa utrata danych
c:\sdl\pindball-master\pinball\pinball\source.cpp(270): warning C4244: "argument": konwersja z "int" do "float", możliwa utrata danych
c:\sdl\pindball-master\pinball\pinball\source.cpp(271): warning C4244: "argument": konwersja z "int" do "float", możliwa utrata danych
c:\sdl\pindball-master\pinball\pinball\source.cpp(294): warning C4244: "=": konwersja z "float" do "int", możliwa utrata danych
c:\sdl\pindball-master\pinball\pinball\source.cpp(295): warning C4244: "=": konwersja z "float" do "int", możliwa utrata danych
c:\sdl\pindball-master\pinball\pinball\source.cpp(296): warning C4244: "=": konwersja z "float" do "int", możliwa utrata danych
c:\sdl\pindball-master\pinball\pinball\source.cpp(297): warning C4244: "=": konwersja z "float" do "int", możliwa utrata danych
c:\sdl\pindball-master\pinball\pinball\source.cpp(328): warning C4244: "inicjowanie": konwersja z "double" do "float", możliwa utrata danych
c:\sdl\pindball-master\pinball\pinball\source.cpp(367): warning C4244: "=": konwersja z "int" do "float", możliwa utrata danych
c:\sdl\pindball-master\pinball\pinball\source.cpp(368): warning C4244: "=": konwersja z "int" do "float", możliwa utrata danych
c:\sdl\pindball-master\pinball\pinball\source.cpp(369): warning C4244: "=": konwersja z "int" do "float", możliwa utrata danych
c:\sdl\pindball-master\pinball\pinball\source.cpp(518): warning C4305: "argument": obcięcie z "double" do "float"
c:\sdl\pindball-master\pinball\pinball\source.cpp(519): warning C4305: "argument": obcięcie z "double" do "float"
c:\sdl\pindball-master\pinball\pinball\source.cpp(522): warning C4305: "argument": obcięcie z "double" do "float"
c:\sdl\pindball-master\pinball\pinball\source.cpp(523): warning C4305: "argument": obcięcie z "double" do "float"
c:\sdl\pindball-master\pinball\pinball\source.cpp(656): warning C4244: "=": konwersja z "float" do "int", możliwa utrata danych
c:\sdl\pindball-master\pinball\pinball\source.cpp(657): warning C4244: "=": konwersja z "float" do "int", możliwa utrata danych
c:\sdl\pindball-master\pinball\pinball\source.cpp(663): warning C4244: "argument": konwersja z "double" do "float", możliwa utrata danych
c:\sdl\pindball-master\pinball\pinball\source.cpp(664): warning C4244: "argument": konwersja z "double" do "float", możliwa utrata danych
c:\sdl\pindball-master\pinball\pinball\source.cpp(665): warning C4244: "argument": konwersja z "double" do "float", możliwa utrata danych
c:\sdl\pindball-master\pinball\pinball\source.cpp(666): warning C4244: "argument": konwersja z "double" do "float", możliwa utrata danych
c:\sdl\pindball-master\pinball\pinball\source.cpp(685): warning C4244: "=": konwersja z "float" do "int", możliwa utrata danych
c:\sdl\pindball-master\pinball\pinball\source.cpp(686): warning C4244: "=": konwersja z "float" do "int", możliwa utrata danych
c:\sdl\pindball-master\pinball\pinball\source.cpp(692): warning C4244: "argument": konwersja z "double" do "float", możliwa utrata danych
c:\sdl\pindball-master\pinball\pinball\source.cpp(693): warning C4244: "argument": konwersja z "double" do "float", możliwa utrata danych
c:\sdl\pindball-master\pinball\pinball\source.cpp(694): warning C4244: "argument": konwersja z "double" do "float", możliwa utrata danych
c:\sdl\pindball-master\pinball\pinball\source.cpp(695): warning C4244: "argument": konwersja z "double" do "float", możliwa utrata danych
c:\sdl\pindball-master\pinball\pinball\source.cpp(707): warning C4244: "=": konwersja z "float" do "int", możliwa utrata danych
c:\sdl\pindball-master\pinball\pinball\source.cpp(708): warning C4244: "=": konwersja z "float" do "int", możliwa utrata danych
c:\sdl\pindball-master\pinball\pinball\source.cpp(751): warning C4244: "argument": konwersja z "float" do "int", możliwa utrata danych
c:\sdl\pindball-master\pinball\pinball\source.cpp(752): warning C4244: "argument": konwersja z "float" do "int", możliwa utrata danych
c:\sdl\pindball-master\pinball\pinball\source.cpp(763): warning C4018: "<": niezgodność typu ze znakiem/bez znaku
  Pinball.vcxproj -> C:\SDL\pindball-master\Pinball\Pinball\Debug\Pinball.exe
